<?xml version="1.0" encoding="UTF-8"?>
<!-- Generated by org.testng.reporters.JUnitXMLReporter -->
<testsuite hostname="DESKTOP-3FPHIMD" ignored="0" name="First test" tests="2" failures="1" timestamp="28 Nov 2019 18:33:00 GMT" time="4.305" errors="0">
  <testcase name="getAPI" time="3.235" classname="com.testcases.GetAPI"/>
  <testcase name="PostAPI" time="0.779" classname="com.testcases.PostTest">
    <failure type="java.lang.AssertionError" message="expected [true] but found [false]">
      <![CDATA[java.lang.AssertionError: expected [true] but found [false]
at com.testcases.PostTest.PostAPI(PostTest.java:77)
... Removed 29 stack frames]]>
    </failure>
  </testcase> <!-- PostAPI -->
</testsuite> <!-- First test -->
