<?xml version="1.0" encoding="UTF-8"?>
<testsuite name="TestSuite" time="4.218" tests="2" errors="0" skipped="0" failures="1">
  <properties>
[...]
</properties>
  <testcase name="getAPI" classname="com.testcases.GetAPI" time="3.402"/>
  <testcase name="PostAPI" classname="com.testcases.PostTest" time="0.816">
    <failure message="expected [true] but found [false]" type="java.lang.AssertionError">java.lang.AssertionError: expected [true] but found [false]
	at org.testng.Assert.fail(Assert.java:96)
	at org.testng.Assert.failNotEquals(Assert.java:776)
	at org.testng.Assert.assertTrue(Assert.java:44)
	at org.testng.Assert.assertTrue(Assert.java:54)
	at com.testcases.PostTest.PostAPI(PostTest.java:77)
</failure>
    <system-out><![CDATA[29-11-2019 21:18:32 GetAPI.java WARN  [main] EmployeetestAPI 82 - Get Api Test cases completed
29-11-2019 21:18:32 BasicClientConnectionManager.java DEBUG [main] conn.BasicClientConnectionManager 164 - Get connection for route {}->http://dummy.restapiexample.com:80
29-11-2019 21:18:32 DefaultClientConnectionOperator.java DEBUG [main] conn.DefaultClientConnectionOperator 176 - Connecting to dummy.restapiexample.com:80
29-11-2019 21:18:32 RequestAddCookies.java DEBUG [main] protocol.RequestAddCookies 122 - CookieSpec selected: ignoreCookies
29-11-2019 21:18:32 RequestAuthCache.java DEBUG [main] protocol.RequestAuthCache 76 - Auth cache not set in the context
29-11-2019 21:18:32 RequestTargetAuthentication.java DEBUG [main] protocol.RequestTargetAuthentication 79 - Target auth state: UNCHALLENGED
29-11-2019 21:18:32 RequestProxyAuthentication.java DEBUG [main] protocol.RequestProxyAuthentication 88 - Proxy auth state: UNCHALLENGED
29-11-2019 21:18:32 DefaultRequestDirector.java DEBUG [main] client.DefaultHttpClient 684 - Attempt 1 to execute request
29-11-2019 21:18:32 DefaultClientConnection.java DEBUG [main] conn.DefaultClientConnection 276 - Sending request: POST /api/v1/create HTTP/1.1
29-11-2019 21:18:32 Wire.java DEBUG [main] http.wire 72 -  >> "POST /api/v1/create HTTP/1.1[\r][\n]"
29-11-2019 21:18:32 Wire.java DEBUG [main] http.wire 72 -  >> "Accept: */*[\r][\n]"
29-11-2019 21:18:32 Wire.java DEBUG [main] http.wire 72 -  >> "Content-Type: application/json; charset=UTF-8[\r][\n]"
29-11-2019 21:18:32 Wire.java DEBUG [main] http.wire 72 -  >> "Content-Length: 42[\r][\n]"
29-11-2019 21:18:32 Wire.java DEBUG [main] http.wire 72 -  >> "Host: dummy.restapiexample.com[\r][\n]"
29-11-2019 21:18:32 Wire.java DEBUG [main] http.wire 72 -  >> "Connection: Keep-Alive[\r][\n]"
29-11-2019 21:18:32 Wire.java DEBUG [main] http.wire 72 -  >> "User-Agent: Apache-HttpClient/4.5.2 (Java/1.8.0_121)[\r][\n]"
29-11-2019 21:18:32 Wire.java DEBUG [main] http.wire 72 -  >> "Accept-Encoding: gzip,deflate[\r][\n]"
29-11-2019 21:18:32 Wire.java DEBUG [main] http.wire 72 -  >> "[\r][\n]"
29-11-2019 21:18:32 DefaultClientConnection.java DEBUG [main] http.headers 280 - >> POST /api/v1/create HTTP/1.1
29-11-2019 21:18:32 DefaultClientConnection.java DEBUG [main] http.headers 283 - >> Accept: */*
29-11-2019 21:18:32 DefaultClientConnection.java DEBUG [main] http.headers 283 - >> Content-Type: application/json; charset=UTF-8
29-11-2019 21:18:32 DefaultClientConnection.java DEBUG [main] http.headers 283 - >> Content-Length: 42
29-11-2019 21:18:32 DefaultClientConnection.java DEBUG [main] http.headers 283 - >> Host: dummy.restapiexample.com
29-11-2019 21:18:32 DefaultClientConnection.java DEBUG [main] http.headers 283 - >> Connection: Keep-Alive
29-11-2019 21:18:32 DefaultClientConnection.java DEBUG [main] http.headers 283 - >> User-Agent: Apache-HttpClient/4.5.2 (Java/1.8.0_121)
29-11-2019 21:18:32 DefaultClientConnection.java DEBUG [main] http.headers 283 - >> Accept-Encoding: gzip,deflate
29-11-2019 21:18:32 Wire.java DEBUG [main] http.wire 86 -  >> "{"name":"gfhgdfh","salary":23445,"age":45}"
29-11-2019 21:18:33 Wire.java DEBUG [main] http.wire 72 -  << "HTTP/1.1 200 OK[\r][\n]"
29-11-2019 21:18:33 Wire.java DEBUG [main] http.wire 72 -  << "Accept-Ranges: bytes[\r][\n]"
29-11-2019 21:18:33 Wire.java DEBUG [main] http.wire 72 -  << "Access-Control-Allow-Origin: *[\r][\n]"
29-11-2019 21:18:33 Wire.java DEBUG [main] http.wire 72 -  << "Access-Control-Expose-Headers: Content-Type, X-Requested-With, X-authentication, X-client[\r][\n]"
29-11-2019 21:18:33 Wire.java DEBUG [main] http.wire 72 -  << "Age: 0[\r][\n]"
29-11-2019 21:18:33 Wire.java DEBUG [main] http.wire 72 -  << "Cache-Control: no-store, no-cache, must-revalidate[\r][\n]"
29-11-2019 21:18:33 Wire.java DEBUG [main] http.wire 72 -  << "Content-Type: text/html; charset=UTF-8[\r][\n]"
29-11-2019 21:18:33 Wire.java DEBUG [main] http.wire 72 -  << "Date: Fri, 29 Nov 2019 15:48:34 GMT[\r][\n]"
29-11-2019 21:18:33 Wire.java DEBUG [main] http.wire 72 -  << "Expires: Thu, 19 Nov 1981 08:52:00 GMT[\r][\n]"
29-11-2019 21:18:33 Wire.java DEBUG [main] http.wire 72 -  << "Pagespeed: off[\r][\n]"
29-11-2019 21:18:33 Wire.java DEBUG [main] http.wire 72 -  << "Pragma: no-cache[\r][\n]"
29-11-2019 21:18:33 Wire.java DEBUG [main] http.wire 72 -  << "Referrer-Policy: [\r][\n]"
29-11-2019 21:18:33 Wire.java DEBUG [main] http.wire 72 -  << "Response: 200[\r][\n]"
29-11-2019 21:18:33 Wire.java DEBUG [main] http.wire 72 -  << "Server: nginx/1.16.0[\r][\n]"
29-11-2019 21:18:33 Wire.java DEBUG [main] http.wire 72 -  << "Set-Cookie: PHPSESSID=4d62f100a5c813b081f109c9dd6b965d; path=/[\r][\n]"
29-11-2019 21:18:33 Wire.java DEBUG [main] http.wire 72 -  << "Set-Cookie: ezoadgid_133674=-1; Path=/; Domain=restapiexample.com; Expires=Fri, 29 Nov 2019 16:18:34 UTC[\r][\n]"
29-11-2019 21:18:33 Wire.java DEBUG [main] http.wire 72 -  << "Set-Cookie: ezoref_133674=; Path=/; Domain=restapiexample.com; Expires=Fri, 29 Nov 2019 17:48:34 UTC[\r][\n]"
29-11-2019 21:18:33 Wire.java DEBUG [main] http.wire 72 -  << "Set-Cookie: ezoab_133674=mod88-c; Path=/; Domain=restapiexample.com; Expires=Fri, 29 Nov 2019 17:48:34 UTC[\r][\n]"
29-11-2019 21:18:33 Wire.java DEBUG [main] http.wire 72 -  << "Set-Cookie: active_template::133674=pub_site.1575042514; Path=/; Domain=restapiexample.com; Expires=Sun, 01 Dec 2019 15:48:34 UTC[\r][\n]"
29-11-2019 21:18:33 Wire.java DEBUG [main] http.wire 72 -  << "Set-Cookie: ezCMPCCS=true; Path=/; Domain=restapiexample.com; Expires=Sun, 29 Nov 2020 15:48:34 GMT[\r][\n]"
29-11-2019 21:18:33 Wire.java DEBUG [main] http.wire 72 -  << "Vary: Accept-Encoding,X-APP-JSON[\r][\n]"
29-11-2019 21:18:33 Wire.java DEBUG [main] http.wire 72 -  << "Via: 1.1 varnish (Varnish/6.0)[\r][\n]"
29-11-2019 21:18:33 Wire.java DEBUG [main] http.wire 72 -  << "X-Ezoic-Cdn: Miss[\r][\n]"
29-11-2019 21:18:33 Wire.java DEBUG [main] http.wire 72 -  << "X-Middleton-Response: 200[\r][\n]"
29-11-2019 21:18:33 Wire.java DEBUG [main] http.wire 72 -  << "X-Shard: 100224202[\r][\n]"
29-11-2019 21:18:33 Wire.java DEBUG [main] http.wire 72 -  << "X-Sol: pub_site[\r][\n]"
29-11-2019 21:18:33 Wire.java DEBUG [main] http.wire 72 -  << "X-Varnish: 295294292[\r][\n]"
29-11-2019 21:18:33 Wire.java DEBUG [main] http.wire 72 -  << "X-Vcache: Miss[\r][\n]"
29-11-2019 21:18:33 Wire.java DEBUG [main] http.wire 72 -  << "Content-Length: 129[\r][\n]"
29-11-2019 21:18:33 Wire.java DEBUG [main] http.wire 72 -  << "[\r][\n]"
29-11-2019 21:18:33 DefaultClientConnection.java DEBUG [main] conn.DefaultClientConnection 261 - Receiving response: HTTP/1.1 200 OK
29-11-2019 21:18:33 DefaultClientConnection.java DEBUG [main] http.headers 264 - << HTTP/1.1 200 OK
29-11-2019 21:18:33 DefaultClientConnection.java DEBUG [main] http.headers 267 - << Accept-Ranges: bytes
29-11-2019 21:18:33 DefaultClientConnection.java DEBUG [main] http.headers 267 - << Access-Control-Allow-Origin: *
29-11-2019 21:18:33 DefaultClientConnection.java DEBUG [main] http.headers 267 - << Access-Control-Expose-Headers: Content-Type, X-Requested-With, X-authentication, X-client
29-11-2019 21:18:33 DefaultClientConnection.java DEBUG [main] http.headers 267 - << Age: 0
29-11-2019 21:18:33 DefaultClientConnection.java DEBUG [main] http.headers 267 - << Cache-Control: no-store, no-cache, must-revalidate
29-11-2019 21:18:33 DefaultClientConnection.java DEBUG [main] http.headers 267 - << Content-Type: text/html; charset=UTF-8
29-11-2019 21:18:33 DefaultClientConnection.java DEBUG [main] http.headers 267 - << Date: Fri, 29 Nov 2019 15:48:34 GMT
29-11-2019 21:18:33 DefaultClientConnection.java DEBUG [main] http.headers 267 - << Expires: Thu, 19 Nov 1981 08:52:00 GMT
29-11-2019 21:18:33 DefaultClientConnection.java DEBUG [main] http.headers 267 - << Pagespeed: off
29-11-2019 21:18:33 DefaultClientConnection.java DEBUG [main] http.headers 267 - << Pragma: no-cache
29-11-2019 21:18:33 DefaultClientConnection.java DEBUG [main] http.headers 267 - << Referrer-Policy: 
29-11-2019 21:18:33 DefaultClientConnection.java DEBUG [main] http.headers 267 - << Response: 200
29-11-2019 21:18:33 DefaultClientConnection.java DEBUG [main] http.headers 267 - << Server: nginx/1.16.0
29-11-2019 21:18:33 DefaultClientConnection.java DEBUG [main] http.headers 267 - << Set-Cookie: PHPSESSID=4d62f100a5c813b081f109c9dd6b965d; path=/
29-11-2019 21:18:33 DefaultClientConnection.java DEBUG [main] http.headers 267 - << Set-Cookie: ezoadgid_133674=-1; Path=/; Domain=restapiexample.com; Expires=Fri, 29 Nov 2019 16:18:34 UTC
29-11-2019 21:18:33 DefaultClientConnection.java DEBUG [main] http.headers 267 - << Set-Cookie: ezoref_133674=; Path=/; Domain=restapiexample.com; Expires=Fri, 29 Nov 2019 17:48:34 UTC
29-11-2019 21:18:33 DefaultClientConnection.java DEBUG [main] http.headers 267 - << Set-Cookie: ezoab_133674=mod88-c; Path=/; Domain=restapiexample.com; Expires=Fri, 29 Nov 2019 17:48:34 UTC
29-11-2019 21:18:33 DefaultClientConnection.java DEBUG [main] http.headers 267 - << Set-Cookie: active_template::133674=pub_site.1575042514; Path=/; Domain=restapiexample.com; Expires=Sun, 01 Dec 2019 15:48:34 UTC
29-11-2019 21:18:33 DefaultClientConnection.java DEBUG [main] http.headers 267 - << Set-Cookie: ezCMPCCS=true; Path=/; Domain=restapiexample.com; Expires=Sun, 29 Nov 2020 15:48:34 GMT
29-11-2019 21:18:33 DefaultClientConnection.java DEBUG [main] http.headers 267 - << Vary: Accept-Encoding,X-APP-JSON
29-11-2019 21:18:33 DefaultClientConnection.java DEBUG [main] http.headers 267 - << Via: 1.1 varnish (Varnish/6.0)
29-11-2019 21:18:33 DefaultClientConnection.java DEBUG [main] http.headers 267 - << X-Ezoic-Cdn: Miss
29-11-2019 21:18:33 DefaultClientConnection.java DEBUG [main] http.headers 267 - << X-Middleton-Response: 200
29-11-2019 21:18:33 DefaultClientConnection.java DEBUG [main] http.headers 267 - << X-Shard: 100224202
29-11-2019 21:18:33 DefaultClientConnection.java DEBUG [main] http.headers 267 - << X-Sol: pub_site
29-11-2019 21:18:33 DefaultClientConnection.java DEBUG [main] http.headers 267 - << X-Varnish: 295294292
29-11-2019 21:18:33 DefaultClientConnection.java DEBUG [main] http.headers 267 - << X-Vcache: Miss
29-11-2019 21:18:33 DefaultClientConnection.java DEBUG [main] http.headers 267 - << Content-Length: 129
29-11-2019 21:18:33 DefaultRequestDirector.java DEBUG [main] client.DefaultHttpClient 511 - Connection can be kept alive indefinitely
29-11-2019 21:18:33 HTTPBuilder.java DEBUG [main] internal.RequestSpecificationImpl$RestAssuredHttpBuilder 544 - Parsing response as: text/html; charset=UTF-8
29-11-2019 21:18:33 HTTPBuilder.java DEBUG [main] internal.RequestSpecificationImpl$RestAssuredHttpBuilder 547 - Parsed data to instance of: class org.apache.http.conn.EofSensorInputStream
29-11-2019 21:18:33 PostTest.java INFO  [main] EmployeetestAPI 54 - Printing json***************************************8
29-11-2019 21:18:33 Wire.java DEBUG [main] http.wire 86 -  << "{"error":{"text":SQLSTATE[23000]: Integrity constraint violation: 1062 Duplicate entry 'gfhgdfh' for key 'employee_name_unique'}}"
29-11-2019 21:18:33 BasicClientConnectionManager.java DEBUG [main] conn.BasicClientConnectionManager 203 - Releasing connection org.apache.http.impl.conn.ManagedClientConnectionImpl@15051a0
29-11-2019 21:18:33 BasicClientConnectionManager.java DEBUG [main] conn.BasicClientConnectionManager 228 - Connection can be kept alive indefinitely
{"error":{"text":SQLSTATE[23000]: Integrity constraint violation: 1062 Duplicate entry 'gfhgdfh' for key 'employee_name_unique'}}
200
HTTP/1.1 200 OK
794ms
0
text/html; charset=UTF-8
]]></system-out>
  </testcase>
</testsuite>