<?xml version="1.0" encoding="UTF-8"?>
<testsuite name="TestSuite" time="6.167" tests="2" errors="0" skipped="0" failures="1">
  <properties>
[...]
</properties>
  <testcase name="getAPI" classname="com.testcases.GetAPI" time="5.237"/>
  <testcase name="PostAPI" classname="com.testcases.PostTest" time="0.93">
    <failure message="expected [true] but found [false]" type="java.lang.AssertionError">java.lang.AssertionError: expected [true] but found [false]
	at org.testng.Assert.fail(Assert.java:96)
	at org.testng.Assert.failNotEquals(Assert.java:776)
	at org.testng.Assert.assertTrue(Assert.java:44)
	at org.testng.Assert.assertTrue(Assert.java:54)
	at com.testcases.PostTest.PostAPI(PostTest.java:77)
</failure>
    <system-out><![CDATA[30-11-2019 21:44:38 GetAPI.java WARN  [main] EmployeetestAPI 82 - Get Api Test cases completed
30-11-2019 21:44:39 BasicClientConnectionManager.java DEBUG [main] conn.BasicClientConnectionManager 164 - Get connection for route {}->http://dummy.restapiexample.com:80
30-11-2019 21:44:39 DefaultClientConnectionOperator.java DEBUG [main] conn.DefaultClientConnectionOperator 176 - Connecting to dummy.restapiexample.com:80
30-11-2019 21:44:39 RequestAddCookies.java DEBUG [main] protocol.RequestAddCookies 122 - CookieSpec selected: ignoreCookies
30-11-2019 21:44:39 RequestAuthCache.java DEBUG [main] protocol.RequestAuthCache 76 - Auth cache not set in the context
30-11-2019 21:44:39 RequestTargetAuthentication.java DEBUG [main] protocol.RequestTargetAuthentication 79 - Target auth state: UNCHALLENGED
30-11-2019 21:44:39 RequestProxyAuthentication.java DEBUG [main] protocol.RequestProxyAuthentication 88 - Proxy auth state: UNCHALLENGED
30-11-2019 21:44:39 DefaultRequestDirector.java DEBUG [main] client.DefaultHttpClient 684 - Attempt 1 to execute request
30-11-2019 21:44:39 DefaultClientConnection.java DEBUG [main] conn.DefaultClientConnection 276 - Sending request: POST /api/v1/create HTTP/1.1
30-11-2019 21:44:39 Wire.java DEBUG [main] http.wire 72 -  >> "POST /api/v1/create HTTP/1.1[\r][\n]"
30-11-2019 21:44:39 Wire.java DEBUG [main] http.wire 72 -  >> "Accept: */*[\r][\n]"
30-11-2019 21:44:39 Wire.java DEBUG [main] http.wire 72 -  >> "Content-Type: application/json; charset=UTF-8[\r][\n]"
30-11-2019 21:44:39 Wire.java DEBUG [main] http.wire 72 -  >> "Content-Length: 42[\r][\n]"
30-11-2019 21:44:39 Wire.java DEBUG [main] http.wire 72 -  >> "Host: dummy.restapiexample.com[\r][\n]"
30-11-2019 21:44:39 Wire.java DEBUG [main] http.wire 72 -  >> "Connection: Keep-Alive[\r][\n]"
30-11-2019 21:44:39 Wire.java DEBUG [main] http.wire 72 -  >> "User-Agent: Apache-HttpClient/4.5.2 (Java/1.8.0_121)[\r][\n]"
30-11-2019 21:44:39 Wire.java DEBUG [main] http.wire 72 -  >> "Accept-Encoding: gzip,deflate[\r][\n]"
30-11-2019 21:44:39 Wire.java DEBUG [main] http.wire 72 -  >> "[\r][\n]"
30-11-2019 21:44:39 DefaultClientConnection.java DEBUG [main] http.headers 280 - >> POST /api/v1/create HTTP/1.1
30-11-2019 21:44:39 DefaultClientConnection.java DEBUG [main] http.headers 283 - >> Accept: */*
30-11-2019 21:44:39 DefaultClientConnection.java DEBUG [main] http.headers 283 - >> Content-Type: application/json; charset=UTF-8
30-11-2019 21:44:39 DefaultClientConnection.java DEBUG [main] http.headers 283 - >> Content-Length: 42
30-11-2019 21:44:39 DefaultClientConnection.java DEBUG [main] http.headers 283 - >> Host: dummy.restapiexample.com
30-11-2019 21:44:39 DefaultClientConnection.java DEBUG [main] http.headers 283 - >> Connection: Keep-Alive
30-11-2019 21:44:39 DefaultClientConnection.java DEBUG [main] http.headers 283 - >> User-Agent: Apache-HttpClient/4.5.2 (Java/1.8.0_121)
30-11-2019 21:44:39 DefaultClientConnection.java DEBUG [main] http.headers 283 - >> Accept-Encoding: gzip,deflate
30-11-2019 21:44:39 Wire.java DEBUG [main] http.wire 86 -  >> "{"name":"gfhgdfh","salary":23445,"age":45}"
30-11-2019 21:44:39 Wire.java DEBUG [main] http.wire 72 -  << "HTTP/1.1 200 OK[\r][\n]"
30-11-2019 21:44:39 Wire.java DEBUG [main] http.wire 72 -  << "Date: Sat, 30 Nov 2019 16:14:40 GMT[\r][\n]"
30-11-2019 21:44:39 Wire.java DEBUG [main] http.wire 72 -  << "Server: Apache[\r][\n]"
30-11-2019 21:44:39 Wire.java DEBUG [main] http.wire 72 -  << "Expires: Thu, 19 Nov 1981 08:52:00 GMT[\r][\n]"
30-11-2019 21:44:39 Wire.java DEBUG [main] http.wire 72 -  << "Cache-Control: no-store, no-cache, must-revalidate[\r][\n]"
30-11-2019 21:44:39 Wire.java DEBUG [main] http.wire 72 -  << "Pragma: no-cache[\r][\n]"
30-11-2019 21:44:39 Wire.java DEBUG [main] http.wire 72 -  << "Access-Control-Allow-Origin: *[\r][\n]"
30-11-2019 21:44:39 Wire.java DEBUG [main] http.wire 72 -  << "Access-Control-Expose-Headers: Content-Type, X-Requested-With, X-authentication, X-client[\r][\n]"
30-11-2019 21:44:39 Wire.java DEBUG [main] http.wire 72 -  << "Set-Cookie: PHPSESSID=14187c29d257afaa41931434edbab154; path=/[\r][\n]"
30-11-2019 21:44:39 Wire.java DEBUG [main] http.wire 72 -  << "Upgrade: h2,h2c[\r][\n]"
30-11-2019 21:44:39 Wire.java DEBUG [main] http.wire 72 -  << "Connection: Upgrade, Keep-Alive[\r][\n]"
30-11-2019 21:44:39 Wire.java DEBUG [main] http.wire 72 -  << "Referrer-Policy: [\r][\n]"
30-11-2019 21:44:39 Wire.java DEBUG [main] http.wire 72 -  << "Content-Length: 57[\r][\n]"
30-11-2019 21:44:39 Wire.java DEBUG [main] http.wire 72 -  << "Keep-Alive: timeout=5, max=75[\r][\n]"
30-11-2019 21:44:39 Wire.java DEBUG [main] http.wire 72 -  << "Content-Type: text/html; charset=UTF-8[\r][\n]"
30-11-2019 21:44:39 Wire.java DEBUG [main] http.wire 72 -  << "[\r][\n]"
30-11-2019 21:44:39 DefaultClientConnection.java DEBUG [main] conn.DefaultClientConnection 261 - Receiving response: HTTP/1.1 200 OK
30-11-2019 21:44:39 DefaultClientConnection.java DEBUG [main] http.headers 264 - << HTTP/1.1 200 OK
30-11-2019 21:44:39 DefaultClientConnection.java DEBUG [main] http.headers 267 - << Date: Sat, 30 Nov 2019 16:14:40 GMT
30-11-2019 21:44:39 DefaultClientConnection.java DEBUG [main] http.headers 267 - << Server: Apache
30-11-2019 21:44:39 DefaultClientConnection.java DEBUG [main] http.headers 267 - << Expires: Thu, 19 Nov 1981 08:52:00 GMT
30-11-2019 21:44:39 DefaultClientConnection.java DEBUG [main] http.headers 267 - << Cache-Control: no-store, no-cache, must-revalidate
30-11-2019 21:44:39 DefaultClientConnection.java DEBUG [main] http.headers 267 - << Pragma: no-cache
30-11-2019 21:44:39 DefaultClientConnection.java DEBUG [main] http.headers 267 - << Access-Control-Allow-Origin: *
30-11-2019 21:44:39 DefaultClientConnection.java DEBUG [main] http.headers 267 - << Access-Control-Expose-Headers: Content-Type, X-Requested-With, X-authentication, X-client
30-11-2019 21:44:39 DefaultClientConnection.java DEBUG [main] http.headers 267 - << Set-Cookie: PHPSESSID=14187c29d257afaa41931434edbab154; path=/
30-11-2019 21:44:39 DefaultClientConnection.java DEBUG [main] http.headers 267 - << Upgrade: h2,h2c
30-11-2019 21:44:39 DefaultClientConnection.java DEBUG [main] http.headers 267 - << Connection: Upgrade, Keep-Alive
30-11-2019 21:44:39 DefaultClientConnection.java DEBUG [main] http.headers 267 - << Referrer-Policy: 
30-11-2019 21:44:39 DefaultClientConnection.java DEBUG [main] http.headers 267 - << Content-Length: 57
30-11-2019 21:44:39 DefaultClientConnection.java DEBUG [main] http.headers 267 - << Keep-Alive: timeout=5, max=75
30-11-2019 21:44:39 DefaultClientConnection.java DEBUG [main] http.headers 267 - << Content-Type: text/html; charset=UTF-8
30-11-2019 21:44:39 DefaultRequestDirector.java DEBUG [main] client.DefaultHttpClient 511 - Connection can be kept alive for 5000 MILLISECONDS
30-11-2019 21:44:39 HTTPBuilder.java DEBUG [main] internal.RequestSpecificationImpl$RestAssuredHttpBuilder 544 - Parsing response as: text/html; charset=UTF-8
30-11-2019 21:44:39 HTTPBuilder.java DEBUG [main] internal.RequestSpecificationImpl$RestAssuredHttpBuilder 547 - Parsed data to instance of: class org.apache.http.conn.EofSensorInputStream
30-11-2019 21:44:39 PostTest.java INFO  [main] EmployeetestAPI 54 - Printing json***************************************8
30-11-2019 21:44:39 Wire.java DEBUG [main] http.wire 86 -  << "{"name":"gfhgdfh","salary":"23445","age":"45","id":"491"}"
30-11-2019 21:44:39 BasicClientConnectionManager.java DEBUG [main] conn.BasicClientConnectionManager 203 - Releasing connection org.apache.http.impl.conn.ManagedClientConnectionImpl@7d61eccf
30-11-2019 21:44:39 BasicClientConnectionManager.java DEBUG [main] conn.BasicClientConnectionManager 228 - Connection can be kept alive for 5000 MILLISECONDS
{"name":"gfhgdfh","salary":"23445","age":"45","id":"491"}
200
HTTP/1.1 200 OK
900ms
0
text/html; charset=UTF-8
]]></system-out>
  </testcase>
</testsuite>